<?xml version="1.0" encoding="UTF-8"?>
<testsuite name="de.hhn.it.gvs.cc.mindmapping.fkps.MindMappingServiceTest" tests="8" skipped="0" failures="0" errors="0" timestamp="2017-01-14T18:23:11" hostname="Friedrichs-MacBook-Pro.local" time="0.059">
  <properties/>
  <testcase name="createMindMapTest" classname="de.hhn.it.gvs.cc.mindmapping.fkps.MindMappingServiceTest" time="0.049"/>
  <testcase name="deleteRelationTest" classname="de.hhn.it.gvs.cc.mindmapping.fkps.MindMappingServiceTest" time="0.001"/>
  <testcase name="deleteNodeTest" classname="de.hhn.it.gvs.cc.mindmapping.fkps.MindMappingServiceTest" time="0.001"/>
  <testcase name="showMindMapTest" classname="de.hhn.it.gvs.cc.mindmapping.fkps.MindMappingServiceTest" time="0.001"/>
  <testcase name="addNodeTest" classname="de.hhn.it.gvs.cc.mindmapping.fkps.MindMappingServiceTest" time="0.001"/>
  <testcase name="addRelationTest" classname="de.hhn.it.gvs.cc.mindmapping.fkps.MindMappingServiceTest" time="0.002"/>
  <testcase name="updateNodeTest" classname="de.hhn.it.gvs.cc.mindmapping.fkps.MindMappingServiceTest" time="0.001"/>
  <testcase name="deleteFalseRelationTest" classname="de.hhn.it.gvs.cc.mindmapping.fkps.MindMappingServiceTest" time="0.0"/>
  <system-out><![CDATA[]]></system-out>
  <system-err><![CDATA[]]></system-err>
</testsuite>
