<?xml version="1.0" encoding="UTF-8"?>
<testsuite name="de.hhn.it.gvs.cc.poll.vdbf.PollTest" tests="3" skipped="0" failures="0" errors="0" timestamp="2017-01-14T18:23:11" hostname="Friedrichs-MacBook-Pro.local" time="0.002">
  <properties/>
  <testcase name="testName" classname="de.hhn.it.gvs.cc.poll.vdbf.PollTest" time="0.0"/>
  <testcase name="testSetQuestion" classname="de.hhn.it.gvs.cc.poll.vdbf.PollTest" time="0.0"/>
  <testcase name="testMembers" classname="de.hhn.it.gvs.cc.poll.vdbf.PollTest" time="0.001"/>
  <system-out><![CDATA[]]></system-out>
  <system-err><![CDATA[]]></system-err>
</testsuite>
