<?xml version="1.0" encoding="UTF-8"?>
<testsuite name="de.hhn.it.gvs.cc.todo.fkps.TodoServiceTest" tests="4" skipped="0" failures="0" errors="0" timestamp="2017-01-14T18:23:11" hostname="Friedrichs-MacBook-Pro.local" time="0.01">
  <properties/>
  <testcase name="createTodoListTest" classname="de.hhn.it.gvs.cc.todo.fkps.TodoServiceTest" time="0.004"/>
  <testcase name="addAndGetItemsTest" classname="de.hhn.it.gvs.cc.todo.fkps.TodoServiceTest" time="0.002"/>
  <testcase name="removeTodoListItemTest" classname="de.hhn.it.gvs.cc.todo.fkps.TodoServiceTest" time="0.0"/>
  <testcase name="updateTodoListItemTest" classname="de.hhn.it.gvs.cc.todo.fkps.TodoServiceTest" time="0.002"/>
  <system-out><![CDATA[]]></system-out>
  <system-err><![CDATA[]]></system-err>
</testsuite>
